<?xml version="1.0" encoding="UTF-8"?>
<robot generator="Robot 4.1.2 (Python 3.8.10 on linux)" generated="20211214 16:45:18.721" rpa="false" schemaversion="2">
<suite id="s1" name="Test" source="/home/amin/PycharmProjects/pythonProject1/test.robot">
<test id="s1-t1" name="Open Deriv">
<kw name="Login" library="common">
<arg>${USER}</arg>
<arg>${PASS}</arg>
<kw name="Open Browser" library="SeleniumLibrary">
<arg>https://app.deriv.com</arg>
<arg>chrome</arg>
<doc>Opens a new browser instance to the optional ``url``.</doc>
<msg timestamp="20211214 16:45:19.022" level="INFO">Opening browser 'chrome' to base url 'https://app.deriv.com'.</msg>
<status status="PASS" starttime="20211214 16:45:19.020" endtime="20211214 16:45:32.282"/>
</kw>
<kw name="Set Window Size" library="SeleniumLibrary">
<arg>1280</arg>
<arg>1028</arg>
<doc>Sets current windows size to given ``width`` and ``height``.</doc>
<status status="PASS" starttime="20211214 16:45:32.282" endtime="20211214 16:45:32.424"/>
</kw>
<kw name="Wait Until Page Does Not Contain Element" library="SeleniumLibrary">
<arg>dt_core_header_acc-info-preloader</arg>
<doc>Waits until the element ``locator`` disappears from the current page.</doc>
<status status="PASS" starttime="20211214 16:45:32.424" endtime="20211214 16:45:32.435"/>
</kw>
<kw name="Click Element" library="SeleniumLibrary">
<arg>${login_btn}</arg>
<doc>Click the element identified by ``locator``.</doc>
<msg timestamp="20211214 16:45:32.435" level="INFO">Clicking element 'dt_login_button'.</msg>
<status status="PASS" starttime="20211214 16:45:32.435" endtime="20211214 16:45:32.483"/>
</kw>
<kw name="Wait Until Page Contains Element" library="SeleniumLibrary">
<arg>${email_field}</arg>
<arg>15</arg>
<doc>Waits until the element ``locator`` appears on the current page.</doc>
<status status="PASS" starttime="20211214 16:45:32.483" endtime="20211214 16:45:35.692"/>
</kw>
<kw name="Input Text" library="SeleniumLibrary">
<arg>${email_field}</arg>
<arg>${email}</arg>
<doc>Types the given ``text`` into the text field identified by ``locator``.</doc>
<msg timestamp="20211214 16:45:35.694" level="INFO">Typing text 'amin@besquare.com.my' into text field 'name=email'.</msg>
<status status="PASS" starttime="20211214 16:45:35.693" endtime="20211214 16:45:35.832"/>
</kw>
<kw name="Input Text" library="SeleniumLibrary">
<arg>${pw_field}</arg>
<arg>${pw}</arg>
<doc>Types the given ``text`` into the text field identified by ``locator``.</doc>
<msg timestamp="20211214 16:45:35.833" level="INFO">Typing text 'Deriv123' into text field '//*[@type="password"]'.</msg>
<status status="PASS" starttime="20211214 16:45:35.832" endtime="20211214 16:45:36.045"/>
</kw>
<kw name="Click Element" library="SeleniumLibrary">
<arg>${login_auth-button}</arg>
<doc>Click the element identified by ``locator``.</doc>
<msg timestamp="20211214 16:45:36.048" level="INFO">Clicking element '//*[text()="Log in"]'.</msg>
<status status="PASS" starttime="20211214 16:45:36.046" endtime="20211214 16:45:39.115"/>
</kw>
<status status="PASS" starttime="20211214 16:45:19.019" endtime="20211214 16:45:39.115"/>
</kw>
<kw name="Barrier_test" library="Barrier">
<kw name="Wait Until Page Contains Element" library="SeleniumLibrary">
<arg>${sidebar}</arg>
<arg>60</arg>
<doc>Waits until the element ``locator`` appears on the current page.</doc>
<status status="PASS" starttime="20211214 16:45:39.116" endtime="20211214 16:45:42.592"/>
</kw>
<kw name="Wait Until Page Contains Element" library="SeleniumLibrary">
<arg>${menu_btn}</arg>
<arg>60</arg>
<doc>Waits until the element ``locator`` appears on the current page.</doc>
<status status="PASS" starttime="20211214 16:45:42.592" endtime="20211214 16:45:42.600"/>
</kw>
<kw name="Wait Until Page Does Not Contain Element" library="SeleniumLibrary">
<arg>//*[@class="chart-container__loader"]</arg>
<arg>60</arg>
<doc>Waits until the element ``locator`` disappears from the current page.</doc>
<status status="PASS" starttime="20211214 16:45:42.600" endtime="20211214 16:45:43.113"/>
</kw>
<kw name="Click Element" library="SeleniumLibrary">
<arg>${menu_btn}</arg>
<doc>Click the element identified by ``locator``.</doc>
<msg timestamp="20211214 16:45:43.114" level="INFO">Clicking element '//*[@class="cq-menu-btn"]'.</msg>
<status status="PASS" starttime="20211214 16:45:43.114" endtime="20211214 16:45:43.165"/>
</kw>
<kw name="Wait Until Page Contains Element" library="SeleniumLibrary">
<arg>${Forex}</arg>
<doc>Waits until the element ``locator`` appears on the current page.</doc>
<status status="PASS" starttime="20211214 16:45:43.165" endtime="20211214 16:45:43.185"/>
</kw>
<kw name="Click Element" library="SeleniumLibrary">
<arg>${Forex}</arg>
<doc>Click the element identified by ``locator``.</doc>
<msg timestamp="20211214 16:45:43.185" level="INFO">Clicking element '//*[text()="Forex"]'.</msg>
<status status="PASS" starttime="20211214 16:45:43.185" endtime="20211214 16:45:43.487"/>
</kw>
<kw name="Wait Until Page Contains Element" library="SeleniumLibrary">
<arg>${AUD/USD}</arg>
<doc>Waits until the element ``locator`` appears on the current page.</doc>
<status status="PASS" starttime="20211214 16:45:43.487" endtime="20211214 16:45:43.505"/>
</kw>
<kw name="Click Element" library="SeleniumLibrary">
<arg>${AUD/USD}</arg>
<doc>Click the element identified by ``locator``.</doc>
<msg timestamp="20211214 16:45:43.505" level="INFO">Clicking element '//*[text()="AUD/USD"]'.</msg>
<status status="PASS" starttime="20211214 16:45:43.505" endtime="20211214 16:45:43.601"/>
</kw>
<kw name="Wait Until Page Contains Element" library="SeleniumLibrary">
<arg>${choose_contract}</arg>
<doc>Waits until the element ``locator`` appears on the current page.</doc>
<status status="PASS" starttime="20211214 16:45:43.601" endtime="20211214 16:45:44.243"/>
</kw>
<kw name="Click Element" library="SeleniumLibrary">
<arg>${choose_contract}</arg>
<doc>Click the element identified by ``locator``.</doc>
<msg timestamp="20211214 16:45:44.244" level="INFO">Clicking element '//*[@class="trade-container__fieldset trade-types"]'.</msg>
<status status="PASS" starttime="20211214 16:45:44.243" endtime="20211214 16:45:44.290"/>
</kw>
<kw name="Wait Until Page Contains Element" library="SeleniumLibrary">
<arg>${contract_option}</arg>
<doc>Waits until the element ``locator`` appears on the current page.</doc>
<status status="PASS" starttime="20211214 16:45:44.290" endtime="20211214 16:45:44.301"/>
</kw>
<kw name="Click Element" library="SeleniumLibrary">
<arg>${contract_option}</arg>
<doc>Click the element identified by ``locator``.</doc>
<msg timestamp="20211214 16:45:44.301" level="INFO">Clicking element '//*[@class="dc-vertical-tab__header dc-vertical-tab__header--active"]'.</msg>
<status status="PASS" starttime="20211214 16:45:44.301" endtime="20211214 16:45:44.395"/>
</kw>
<kw name="Wait Until Page Contains Element" library="SeleniumLibrary">
<arg>${high/low}</arg>
<doc>Waits until the element ``locator`` appears on the current page.</doc>
<status status="PASS" starttime="20211214 16:45:44.395" endtime="20211214 16:45:44.406"/>
</kw>
<kw name="Click Element" library="SeleniumLibrary">
<arg>${high/low}</arg>
<doc>Click the element identified by ``locator``.</doc>
<msg timestamp="20211214 16:45:44.407" level="INFO">Clicking element '//*[@id="dt_contract_high_low_item"]'.</msg>
<status status="PASS" starttime="20211214 16:45:44.406" endtime="20211214 16:45:44.540"/>
</kw>
<kw name="Clear input field" library="common">
<arg>${duration_input}</arg>
<kw name="Get Element Attribute" library="SeleniumLibrary">
<var>${current_value}</var>
<arg>${path}</arg>
<arg>value</arg>
<doc>Returns the value of ``attribute`` from the element ``locator``.</doc>
<msg timestamp="20211214 16:45:44.561" level="INFO">${current_value} = 1</msg>
<status status="PASS" starttime="20211214 16:45:44.540" endtime="20211214 16:45:44.562"/>
</kw>
<kw name="Get Length" library="BuiltIn">
<var>${actual_value}</var>
<arg>${current_value}</arg>
<doc>Returns and logs the length of the given item as an integer.</doc>
<msg timestamp="20211214 16:45:44.562" level="INFO">Length is 1</msg>
<msg timestamp="20211214 16:45:44.562" level="INFO">${actual_value} = 1</msg>
<status status="PASS" starttime="20211214 16:45:44.562" endtime="20211214 16:45:44.562"/>
</kw>
<kw name="Repeat Keyword" library="BuiltIn">
<arg>${actual_value}</arg>
<arg>press keys</arg>
<arg>${path}</arg>
<arg>BACKSPACE</arg>
<doc>Executes the specified keyword multiple times.</doc>
<msg timestamp="20211214 16:45:44.562" level="INFO">Repeating keyword, round 1/1.</msg>
<kw name="Press Keys" library="SeleniumLibrary">
<arg>${path}</arg>
<arg>BACKSPACE</arg>
<doc>Simulates the user pressing key(s) to an element or on the active browser.</doc>
<msg timestamp="20211214 16:45:44.563" level="INFO">Sending key(s) ('BACKSPACE',) to //*[@class="dc-input__field"] element.</msg>
<msg timestamp="20211214 16:45:45.028" level="INFO">Pressing special key BACKSPACE to element.</msg>
<msg timestamp="20211214 16:45:45.028" level="INFO">Releasing special key BACKSPACE.</msg>
<status status="PASS" starttime="20211214 16:45:44.562" endtime="20211214 16:45:45.181"/>
</kw>
<status status="PASS" starttime="20211214 16:45:44.562" endtime="20211214 16:45:45.181"/>
</kw>
<status status="PASS" starttime="20211214 16:45:44.540" endtime="20211214 16:45:45.182"/>
</kw>
<kw name="Input Text" library="SeleniumLibrary">
<arg>${duration_input}</arg>
<arg>2</arg>
<doc>Types the given ``text`` into the text field identified by ``locator``.</doc>
<msg timestamp="20211214 16:45:45.182" level="INFO">Typing text '2' into text field '//*[@class="dc-input__field"]'.</msg>
<status status="PASS" starttime="20211214 16:45:45.182" endtime="20211214 16:45:45.309"/>
</kw>
<kw name="Clear input field" library="common">
<arg>${barrier_input}</arg>
<kw name="Get Element Attribute" library="SeleniumLibrary">
<var>${current_value}</var>
<arg>${path}</arg>
<arg>value</arg>
<doc>Returns the value of ``attribute`` from the element ``locator``.</doc>
<msg timestamp="20211214 16:45:45.331" level="INFO">${current_value} = 0.71698</msg>
<status status="PASS" starttime="20211214 16:45:45.309" endtime="20211214 16:45:45.331"/>
</kw>
<kw name="Get Length" library="BuiltIn">
<var>${actual_value}</var>
<arg>${current_value}</arg>
<doc>Returns and logs the length of the given item as an integer.</doc>
<msg timestamp="20211214 16:45:45.331" level="INFO">Length is 7</msg>
<msg timestamp="20211214 16:45:45.331" level="INFO">${actual_value} = 7</msg>
<status status="PASS" starttime="20211214 16:45:45.331" endtime="20211214 16:45:45.331"/>
</kw>
<kw name="Repeat Keyword" library="BuiltIn">
<arg>${actual_value}</arg>
<arg>press keys</arg>
<arg>${path}</arg>
<arg>BACKSPACE</arg>
<doc>Executes the specified keyword multiple times.</doc>
<msg timestamp="20211214 16:45:45.332" level="INFO">Repeating keyword, round 1/7.</msg>
<kw name="Press Keys" library="SeleniumLibrary">
<arg>${path}</arg>
<arg>BACKSPACE</arg>
<doc>Simulates the user pressing key(s) to an element or on the active browser.</doc>
<msg timestamp="20211214 16:45:45.332" level="INFO">Sending key(s) ('BACKSPACE',) to //*[@id="dt_barrier_1_input"] element.</msg>
<msg timestamp="20211214 16:45:45.740" level="INFO">Pressing special key BACKSPACE to element.</msg>
<msg timestamp="20211214 16:45:45.741" level="INFO">Releasing special key BACKSPACE.</msg>
<status status="PASS" starttime="20211214 16:45:45.332" endtime="20211214 16:45:45.989"/>
</kw>
<msg timestamp="20211214 16:45:45.989" level="INFO">Repeating keyword, round 2/7.</msg>
<kw name="Press Keys" library="SeleniumLibrary">
<arg>${path}</arg>
<arg>BACKSPACE</arg>
<doc>Simulates the user pressing key(s) to an element or on the active browser.</doc>
<msg timestamp="20211214 16:45:45.990" level="INFO">Sending key(s) ('BACKSPACE',) to //*[@id="dt_barrier_1_input"] element.</msg>
<msg timestamp="20211214 16:45:46.289" level="INFO">Pressing special key BACKSPACE to element.</msg>
<msg timestamp="20211214 16:45:46.289" level="INFO">Releasing special key BACKSPACE.</msg>
<status status="PASS" starttime="20211214 16:45:45.990" endtime="20211214 16:45:46.304"/>
</kw>
<msg timestamp="20211214 16:45:46.304" level="INFO">Repeating keyword, round 3/7.</msg>
<kw name="Press Keys" library="SeleniumLibrary">
<arg>${path}</arg>
<arg>BACKSPACE</arg>
<doc>Simulates the user pressing key(s) to an element or on the active browser.</doc>
<msg timestamp="20211214 16:45:46.305" level="INFO">Sending key(s) ('BACKSPACE',) to //*[@id="dt_barrier_1_input"] element.</msg>
<msg timestamp="20211214 16:45:46.583" level="INFO">Pressing special key BACKSPACE to element.</msg>
<msg timestamp="20211214 16:45:46.583" level="INFO">Releasing special key BACKSPACE.</msg>
<status status="PASS" starttime="20211214 16:45:46.304" endtime="20211214 16:45:46.605"/>
</kw>
<msg timestamp="20211214 16:45:46.605" level="INFO">Repeating keyword, round 4/7.</msg>
<kw name="Press Keys" library="SeleniumLibrary">
<arg>${path}</arg>
<arg>BACKSPACE</arg>
<doc>Simulates the user pressing key(s) to an element or on the active browser.</doc>
<msg timestamp="20211214 16:45:46.606" level="INFO">Sending key(s) ('BACKSPACE',) to //*[@id="dt_barrier_1_input"] element.</msg>
<msg timestamp="20211214 16:45:46.907" level="INFO">Pressing special key BACKSPACE to element.</msg>
<msg timestamp="20211214 16:45:46.907" level="INFO">Releasing special key BACKSPACE.</msg>
<status status="PASS" starttime="20211214 16:45:46.605" endtime="20211214 16:45:46.967"/>
</kw>
<msg timestamp="20211214 16:45:46.967" level="INFO">Repeating keyword, round 5/7.</msg>
<kw name="Press Keys" library="SeleniumLibrary">
<arg>${path}</arg>
<arg>BACKSPACE</arg>
<doc>Simulates the user pressing key(s) to an element or on the active browser.</doc>
<msg timestamp="20211214 16:45:46.968" level="INFO">Sending key(s) ('BACKSPACE',) to //*[@id="dt_barrier_1_input"] element.</msg>
<msg timestamp="20211214 16:45:47.326" level="INFO">Pressing special key BACKSPACE to element.</msg>
<msg timestamp="20211214 16:45:47.327" level="INFO">Releasing special key BACKSPACE.</msg>
<status status="PASS" starttime="20211214 16:45:46.967" endtime="20211214 16:45:47.368"/>
</kw>
<msg timestamp="20211214 16:45:47.368" level="INFO">Repeating keyword, round 6/7.</msg>
<kw name="Press Keys" library="SeleniumLibrary">
<arg>${path}</arg>
<arg>BACKSPACE</arg>
<doc>Simulates the user pressing key(s) to an element or on the active browser.</doc>
<msg timestamp="20211214 16:45:47.369" level="INFO">Sending key(s) ('BACKSPACE',) to //*[@id="dt_barrier_1_input"] element.</msg>
<msg timestamp="20211214 16:45:47.645" level="INFO">Pressing special key BACKSPACE to element.</msg>
<msg timestamp="20211214 16:45:47.645" level="INFO">Releasing special key BACKSPACE.</msg>
<status status="PASS" starttime="20211214 16:45:47.368" endtime="20211214 16:45:47.661"/>
</kw>
<msg timestamp="20211214 16:45:47.661" level="INFO">Repeating keyword, round 7/7.</msg>
<kw name="Press Keys" library="SeleniumLibrary">
<arg>${path}</arg>
<arg>BACKSPACE</arg>
<doc>Simulates the user pressing key(s) to an element or on the active browser.</doc>
<msg timestamp="20211214 16:45:47.663" level="INFO">Sending key(s) ('BACKSPACE',) to //*[@id="dt_barrier_1_input"] element.</msg>
<msg timestamp="20211214 16:45:47.960" level="INFO">Pressing special key BACKSPACE to element.</msg>
<msg timestamp="20211214 16:45:47.961" level="INFO">Releasing special key BACKSPACE.</msg>
<status status="PASS" starttime="20211214 16:45:47.662" endtime="20211214 16:45:48.038"/>
</kw>
<status status="PASS" starttime="20211214 16:45:45.332" endtime="20211214 16:45:48.038"/>
</kw>
<status status="PASS" starttime="20211214 16:45:45.309" endtime="20211214 16:45:48.039"/>
</kw>
<kw name="Input Text" library="SeleniumLibrary">
<arg>${barrier_input}</arg>
<arg>+1</arg>
<doc>Types the given ``text`` into the text field identified by ``locator``.</doc>
<msg timestamp="20211214 16:45:48.040" level="INFO">Typing text '+1' into text field '//*[@id="dt_barrier_1_input"]'.</msg>
<status status="PASS" starttime="20211214 16:45:48.039" endtime="20211214 16:45:48.138"/>
</kw>
<kw name="Wait Until Page Contains" library="SeleniumLibrary">
<arg>Contracts more than 24 hours in duration would need an absolute barrier.</arg>
<arg>15</arg>
<doc>Waits until ``text`` appears on the current page.</doc>
<status status="PASS" starttime="20211214 16:45:48.139" endtime="20211214 16:45:49.707"/>
</kw>
<kw name="Click Element" library="SeleniumLibrary">
<arg>${payout_toggle}</arg>
<doc>Click the element identified by ``locator``.</doc>
<msg timestamp="20211214 16:45:49.708" level="INFO">Clicking element '//*[@id="dc_payout_toggle_item"]'.</msg>
<status status="PASS" starttime="20211214 16:45:49.707" endtime="20211214 16:45:50.058"/>
</kw>
<kw name="Clear input field" library="common">
<arg>${payout_input}</arg>
<kw name="Get Element Attribute" library="SeleniumLibrary">
<var>${current_value}</var>
<arg>${path}</arg>
<arg>value</arg>
<doc>Returns the value of ``attribute`` from the element ``locator``.</doc>
<msg timestamp="20211214 16:45:50.099" level="INFO">${current_value} = 10</msg>
<status status="PASS" starttime="20211214 16:45:50.061" endtime="20211214 16:45:50.099"/>
</kw>
<kw name="Get Length" library="BuiltIn">
<var>${actual_value}</var>
<arg>${current_value}</arg>
<doc>Returns and logs the length of the given item as an integer.</doc>
<msg timestamp="20211214 16:45:50.100" level="INFO">Length is 2</msg>
<msg timestamp="20211214 16:45:50.100" level="INFO">${actual_value} = 2</msg>
<status status="PASS" starttime="20211214 16:45:50.099" endtime="20211214 16:45:50.100"/>
</kw>
<kw name="Repeat Keyword" library="BuiltIn">
<arg>${actual_value}</arg>
<arg>press keys</arg>
<arg>${path}</arg>
<arg>BACKSPACE</arg>
<doc>Executes the specified keyword multiple times.</doc>
<msg timestamp="20211214 16:45:50.100" level="INFO">Repeating keyword, round 1/2.</msg>
<kw name="Press Keys" library="SeleniumLibrary">
<arg>${path}</arg>
<arg>BACKSPACE</arg>
<doc>Simulates the user pressing key(s) to an element or on the active browser.</doc>
<msg timestamp="20211214 16:45:50.101" level="INFO">Sending key(s) ('BACKSPACE',) to //*[@id="dt_amount_input"] element.</msg>
<msg timestamp="20211214 16:45:50.403" level="INFO">Pressing special key BACKSPACE to element.</msg>
<msg timestamp="20211214 16:45:50.403" level="INFO">Releasing special key BACKSPACE.</msg>
<status status="PASS" starttime="20211214 16:45:50.100" endtime="20211214 16:45:50.417"/>
</kw>
<msg timestamp="20211214 16:45:50.417" level="INFO">Repeating keyword, round 2/2.</msg>
<kw name="Press Keys" library="SeleniumLibrary">
<arg>${path}</arg>
<arg>BACKSPACE</arg>
<doc>Simulates the user pressing key(s) to an element or on the active browser.</doc>
<msg timestamp="20211214 16:45:50.418" level="INFO">Sending key(s) ('BACKSPACE',) to //*[@id="dt_amount_input"] element.</msg>
<msg timestamp="20211214 16:45:50.699" level="INFO">Pressing special key BACKSPACE to element.</msg>
<msg timestamp="20211214 16:45:50.699" level="INFO">Releasing special key BACKSPACE.</msg>
<status status="PASS" starttime="20211214 16:45:50.418" endtime="20211214 16:45:50.871"/>
</kw>
<status status="PASS" starttime="20211214 16:45:50.100" endtime="20211214 16:45:50.871"/>
</kw>
<status status="PASS" starttime="20211214 16:45:50.059" endtime="20211214 16:45:50.872"/>
</kw>
<kw name="Input Text" library="SeleniumLibrary">
<arg>${payout_input}</arg>
<arg>10</arg>
<doc>Types the given ``text`` into the text field identified by ``locator``.</doc>
<msg timestamp="20211214 16:45:50.873" level="INFO">Typing text '10' into text field '//*[@id="dt_amount_input"]'.</msg>
<status status="PASS" starttime="20211214 16:45:50.872" endtime="20211214 16:45:51.138"/>
</kw>
<status status="PASS" starttime="20211214 16:45:39.116" endtime="20211214 16:45:51.138"/>
</kw>
<status status="PASS" starttime="20211214 16:45:19.017" endtime="20211214 16:45:51.138"/>
</test>
<status status="PASS" starttime="20211214 16:45:18.722" endtime="20211214 16:45:51.139"/>
</suite>
<statistics>
<total>
<stat pass="1" fail="0" skip="0">All Tests</stat>
</total>
<tag>
</tag>
<suite>
<stat pass="1" fail="0" skip="0" id="s1" name="Test">Test</stat>
</suite>
</statistics>
<errors>
</errors>
</robot>
